08:10:41 **** Incremental Build of configuration Nios II for project ebook_release1 ****
make all 
Info: Building ../ebook_release1_bsp/
E:/altera/15.0/nios2eds/bin/gnu/H-x86_64-mingw32/bin/make --no-print-directory -C ../ebook_release1_bsp/
[BSP build complete]
[ebook_release1 build complete]
08:10:52 **** Build of configuration Nios II for project ebook_release1 ****
make all 
Info: Building ../ebook_release1_bsp/
E:/altera/15.0/nios2eds/bin/gnu/H-x86_64-mingw32/bin/make --no-print-directory -C ../ebook_release1_bsp/
[BSP build complete]
[ebook_release1 build complete]
08:10:58 **** Incremental Build of configuration Nios II for project ebook_release1 ****
make all 
Info: Building ../ebook_release1_bsp/
E:/altera/15.0/nios2eds/bin/gnu/H-x86_64-mingw32/bin/make --no-print-directory -C ../ebook_release1_bsp/
[BSP build complete]
[ebook_release1 build complete]
13:26:45 **** Build of configuration Nios II for project ebook5 ****
make all 
Info: Building ../ebook5_bsp/
E:/altera/15.0/nios2eds/bin/gnu/H-x86_64-mingw32/bin/make --no-print-directory -C ../ebook5_bsp/
[BSP build complete]
[ebook5 build complete]
13:26:53 **** Incremental Build of configuration Nios II for project ebook5 ****
make all 
Info: Building ../ebook5_bsp/
E:/altera/15.0/nios2eds/bin/gnu/H-x86_64-mingw32/bin/make --no-print-directory -C ../ebook5_bsp/
[BSP build complete]
[ebook5 build complete]
