04:01:45 **** Incremental Build of configuration Nios II for project sdRead ****
make all 
Info: Building ../sdRead_bsp/
E:/altera/15.0/nios2eds/bin/gnu/H-x86_64-mingw32/bin/make --no-print-directory -C ../sdRead_bsp/
[BSP build complete]
Info: Compiling sdTest.c to obj/default/sdTest.o
nios2-elf-gcc -xc -MP -MMD -c -I../sdRead_bsp//HAL/inc -I../sdRead_bsp/ -I../sdRead_bsp//drivers/inc  -pipe -D__hal__ -DALT_NO_INSTRUCTION_EMULATION -DALT_SINGLE_THREADED    -O0 -g -Wall   -mno-hw-div -mhw-mul -mno-hw-mulx  -o obj/default/sdTest.o sdTest.c
sdTest.c: In function 'main':
sdTest.c:43:7: warning: variable 'preByteNum' set but not used [-Wunused-but-set-variable]
   int preByteNum = 0;
       ^
sdTest.c:39:7: warning: unused variable 'readByte' [-Wunused-variable]
   int readByte[20] = { 1000, 1369, 2789, 1247, 3155, \
       ^
Info: Linking sdRead.elf
nios2-elf-g++  -T'../sdRead_bsp//linker.x' -msys-crt0='../sdRead_bsp//obj/HAL/src/crt0.o' -msys-lib=hal_bsp -L../sdRead_bsp/   -Wl,-Map=sdRead.map   -O0 -g -Wall   -mno-hw-div -mhw-mul -mno-hw-mulx  -o sdRead.elf obj/default/screen.o obj/default/sdTest.o obj/default/sdread.o obj/default/test_value.o obj/default/txt_read.o -lm -msys-lib=m
nios2-elf-insert sdRead.elf --thread_model hal --cpu_name cpu --qsys true --simulation_enabled false --id 305419896 --sidp 0x82014c0 --timestamp 1557864254 --stderr_dev jtag_uart --stdin_dev jtag_uart --stdout_dev jtag_uart --sopc_system_name ED2platform --quartus_project_dir "G:/altera_ED2_115/HardwareCourseDesign/SoftWare3" --sopcinfo G:/altera_ED2_115/HardwareCourseDesign/SoftWare3/software/sdRead_bsp/../../ED2platform.sopcinfo
Info: (sdRead.elf) 115 KBytes program size (code + initialized data).
Info:              130948 KBytes free for stack + heap.
Info: Creating sdRead.objdump
nios2-elf-objdump --disassemble --syms --all-header --source sdRead.elf >sdRead.objdump
[sdRead build complete]
04:03:45 **** Incremental Build of configuration Nios II for project sdRead ****
make all 
Info: Building ../sdRead_bsp/
E:/altera/15.0/nios2eds/bin/gnu/H-x86_64-mingw32/bin/make --no-print-directory -C ../sdRead_bsp/
[BSP build complete]
[sdRead build complete]
