04:27:04 **** Incremental Build of configuration Nios II for project touch_intr_test3 ****
make all 
Info: Building ../touch_intr_test3_bsp/
E:/altera/15.0/nios2eds/bin/gnu/H-x86_64-mingw32/bin/make --no-print-directory -C ../touch_intr_test3_bsp/
[BSP build complete]
Info: Compiling touch.c to obj/default/touch.o
nios2-elf-gcc -xc -MP -MMD -c -I../touch_intr_test3_bsp//HAL/inc -I../touch_intr_test3_bsp/ -I../touch_intr_test3_bsp//drivers/inc  -pipe -D__hal__ -DALT_NO_INSTRUCTION_EMULATION -DALT_SINGLE_THREADED    -O0 -g -Wall   -mno-hw-div -mhw-mul -mno-hw-mulx  -o obj/default/touch.o touch.c
touch.c:26:2: warning: missing braces around initializer [-Wmissing-braces]
  0,
  ^
touch.c:26:2: warning: (near initialization for 'tp_dev.x') [-Wmissing-braces]
touch.c:347:40: warning: pointer targets in initialization differ in signedness [-Wpointer-sign]
 const unsigned char* TP_REMIND_MSG_TBL="Please use the stylus click the cross on the screen.The cross will always move until the screen adjustment is completed.";
                                        ^
touch.c: In function 'TP_Adj_Info_Show':
touch.c:351:2: warning: pointer targets in passing argument 6 of 'LCD_ShowString' differ in signedness [-Wpointer-sign]
  LCD_ShowString(40,160,lcddev.width,lcddev.height,16,"x1:");
  ^
In file included from touch.c:8:0:
lcd.h:75:6: note: expected 'unsigned char *' but argument is of type 'char *'
 void LCD_ShowString(unsigned short int x,unsigned short int y,unsigned short int width,unsigned short int height,unsigned char size,unsigned char *p);
      ^
touch.c:352:2: warning: pointer targets in passing argument 6 of 'LCD_ShowString' differ in signedness [-Wpointer-sign]
  LCD_ShowString(40+80,160,lcddev.width,lcddev.height,16,"y1:");
  ^
In file included from touch.c:8:0:
lcd.h:75:6: note: expected 'unsigned char *' but argument is of type 'char *'
 void LCD_ShowString(unsigned short int x,unsigned short int y,unsigned short int width,unsigned short int height,unsigned char size,unsigned char *p);
      ^
touch.c:353:2: warning: pointer targets in passing argument 6 of 'LCD_ShowString' differ in signedness [-Wpointer-sign]
  LCD_ShowString(40,180,lcddev.width,lcddev.height,16,"x2:");
  ^
In file included from touch.c:8:0:
lcd.h:75:6: note: expected 'unsigned char *' but argument is of type 'char *'
 void LCD_ShowString(unsigned short int x,unsigned short int y,unsigned short int width,unsigned short int height,unsigned char size,unsigned char *p);
      ^
touch.c:354:2: warning: pointer targets in passing argument 6 of 'LCD_ShowString' differ in signedness [-Wpointer-sign]
  LCD_ShowString(40+80,180,lcddev.width,lcddev.height,16,"y2:");
  ^
In file included from touch.c:8:0:
lcd.h:75:6: note: expected 'unsigned char *' but argument is of type 'char *'
 void LCD_ShowString(unsigned short int x,unsigned short int y,unsigned short int width,unsigned short int height,unsigned char size,unsigned char *p);
      ^
touch.c:355:2: warning: pointer targets in passing argument 6 of 'LCD_ShowString' differ in signedness [-Wpointer-sign]
  LCD_ShowString(40,200,lcddev.width,lcddev.height,16,"x3:");
  ^
In file included from touch.c:8:0:
lcd.h:75:6: note: expected 'unsigned char *' but argument is of type 'char *'
 void LCD_ShowString(unsigned short int x,unsigned short int y,unsigned short int width,unsigned short int height,unsigned char size,unsigned char *p);
      ^
touch.c:356:2: warning: pointer targets in passing argument 6 of 'LCD_ShowString' differ in signedness [-Wpointer-sign]
  LCD_ShowString(40+80,200,lcddev.width,lcddev.height,16,"y3:");
  ^
In file included from touch.c:8:0:
lcd.h:75:6: note: expected 'unsigned char *' but argument is of type 'char *'
 void LCD_ShowString(unsigned short int x,unsigned short int y,unsigned short int width,unsigned short int height,unsigned char size,unsigned char *p);
      ^
touch.c:357:2: warning: pointer targets in passing argument 6 of 'LCD_ShowString' differ in signedness [-Wpointer-sign]
  LCD_ShowString(40,220,lcddev.width,lcddev.height,16,"x4:");
  ^
In file included from touch.c:8:0:
lcd.h:75:6: note: expected 'unsigned char *' but argument is of type 'char *'
 void LCD_ShowString(unsigned short int x,unsigned short int y,unsigned short int width,unsigned short int height,unsigned char size,unsigned char *p);
      ^
touch.c:358:2: warning: pointer targets in passing argument 6 of 'LCD_ShowString' differ in signedness [-Wpointer-sign]
  LCD_ShowString(40+80,220,lcddev.width,lcddev.height,16,"y4:");
  ^
In file included from touch.c:8:0:
lcd.h:75:6: note: expected 'unsigned char *' but argument is of type 'char *'
 void LCD_ShowString(unsigned short int x,unsigned short int y,unsigned short int width,unsigned short int height,unsigned char size,unsigned char *p);
      ^
touch.c:359:2: warning: pointer targets in passing argument 6 of 'LCD_ShowString' differ in signedness [-Wpointer-sign]
  LCD_ShowString(40,240,lcddev.width,lcddev.height,16,"fac is:");
  ^
In file included from touch.c:8:0:
lcd.h:75:6: note: expected 'unsigned char *' but argument is of type 'char *'
 void LCD_ShowString(unsigned short int x,unsigned short int y,unsigned short int width,unsigned short int height,unsigned char size,unsigned char *p);
      ^
touch.c: In function 'TP_Adjust':
touch.c:417:7: warning: implicit declaration of function 'abs' [-Wimplicit-function-declaration]
       tem1=abs(pos_temp[TP_ADJDIS_TBL[cnt][0]][0]-pos_temp[TP_ADJDIS_TBL[cnt][1]][0]);//x1-x2/x1-x3/x2-x3
       ^
touch.c:448:7: warning: pointer targets in passing argument 6 of 'LCD_ShowString' differ in signedness [-Wpointer-sign]
       LCD_ShowString(40,26,lcddev.width,lcddev.height,16,"TP Need readjust!");
       ^
In file included from touch.c:8:0:
lcd.h:75:6: note: expected 'unsigned char *' but argument is of type 'char *'
 void LCD_ShowString(unsigned short int x,unsigned short int y,unsigned short int width,unsigned short int height,unsigned char size,unsigned char *p);
      ^
touch.c:463:6: warning: pointer targets in passing argument 6 of 'LCD_ShowString' differ in signedness [-Wpointer-sign]
      LCD_ShowString(35,110,lcddev.width,lcddev.height,16,"Touch Screen Adjust OK!");//校正完成
      ^
In file included from touch.c:8:0:
lcd.h:75:6: note: expected 'unsigned char *' but argument is of type 'char *'
 void LCD_ShowString(unsigned short int x,unsigned short int y,unsigned short int width,unsigned short int height,unsigned char size,unsigned char *p);
      ^
touch.c: In function 'TP_Init':
touch.c:499:8: warning: unused variable 'edge_capture_ptr' [-Wunused-variable]
  void* edge_capture_ptr = (void*) &edge_capture;
        ^
Info: Linking touch_intr_test3.elf
nios2-elf-g++  -T'../touch_intr_test3_bsp//linker.x' -msys-crt0='../touch_intr_test3_bsp//obj/HAL/src/crt0.o' -msys-lib=hal_bsp -L../touch_intr_test3_bsp/   -Wl,-Map=touch_intr_test3.map   -O0 -g -Wall   -mno-hw-div -mhw-mul -mno-hw-mulx  -o touch_intr_test3.elf obj/default/lcd.o obj/default/main.o obj/default/touch.o -lm -msys-lib=m
nios2-elf-insert touch_intr_test3.elf --thread_model hal --cpu_name cpu --qsys true --simulation_enabled false --id 305419896 --sidp 0x82014c0 --timestamp 1557864254 --stderr_dev jtag_uart --stdin_dev jtag_uart --stdout_dev jtag_uart --sopc_system_name ED2platform --quartus_project_dir "G:/altera_ED2_115/HardwareCourseDesign/SoftWare2" --sopcinfo G:/altera_ED2_115/HardwareCourseDesign/SoftWare2/software/touch_intr_test3_bsp/../../ED2platform.sopcinfo
Info: (touch_intr_test3.elf) 84 KBytes program size (code + initialized data).
Info:                        130980 KBytes free for stack + heap.
Info: Creating touch_intr_test3.objdump
nios2-elf-objdump --disassemble --syms --all-header --source touch_intr_test3.elf >touch_intr_test3.objdump
[touch_intr_test3 build complete]
04:27:20 **** Incremental Build of configuration Nios II for project touch_intr_test2 ****
make all 
Info: Building ../touch_intr_test2_bsp/
E:/altera/15.0/nios2eds/bin/gnu/H-x86_64-mingw32/bin/make --no-print-directory -C ../touch_intr_test2_bsp/
Makefile not up to date.
../../ED2platform.sopcinfo has been modified since the BSP was generated.

Generate the BSP to update the Makefile, and then build again.

To generate from Eclipse:
 1. Right-click the BSP project.
 2. In the Nios II Menu, click Generate BSP.

To generate from the command line:
 nios2-bsp-generate-files --settings=<settings file> --bsp-dir=<target bsp files directory>

make[1]: *** [public.mk] Error 1
make: *** [../touch_intr_test2_bsp/-recurs-make-lib] Error 2
04:28:04 **** Build of configuration Nios II for project touch_intr_test3 ****
make all 
Info: Building ../touch_intr_test3_bsp/
E:/altera/15.0/nios2eds/bin/gnu/H-x86_64-mingw32/bin/make --no-print-directory -C ../touch_intr_test3_bsp/
Command canceled
04:28:09 **** Build of configuration Nios II for project touch_intr_test3 ****
make all 
Info: Building ../touch_intr_test3_bsp/
E:/altera/15.0/nios2eds/bin/gnu/H-x86_64-mingw32/bin/make --no-print-directory -C ../touch_intr_test3_bsp/
[BSP build complete]
[touch_intr_test3 build complete]
04:28:13 **** Incremental Build of configuration Nios II for project touch_intr_test3 ****
make all 
Info: Building ../touch_intr_test3_bsp/
E:/altera/15.0/nios2eds/bin/gnu/H-x86_64-mingw32/bin/make --no-print-directory -C ../touch_intr_test3_bsp/
[BSP build complete]
[touch_intr_test3 build complete]
